
*** Running vivado
    with args -log pwm_design_pwm_core_0_1.vds -m64 -product Vivado -mode batch -messageDb vivado.pb -notrace -source pwm_design_pwm_core_0_1.tcl


****** Vivado v2016.3 (64-bit)
  **** SW Build 1682563 on Mon Oct 10 19:07:27 MDT 2016
  **** IP Build 1681267 on Mon Oct 10 21:28:31 MDT 2016
    ** Copyright 1986-2016 Xilinx, Inc. All Rights Reserved.

source pwm_design_pwm_core_0_1.tcl -notrace
Command: synth_design -top pwm_design_pwm_core_0_1 -part xc7z020clg484-1 -mode out_of_context
Starting synth_design
Attempting to get a license for feature 'Synthesis' and/or device 'xc7z020'
INFO: [Common 17-349] Got license for feature 'Synthesis' and/or device 'xc7z020'
INFO: Launching helper process for spawning children vivado processes
INFO: Helper process launched with PID 15472 
---------------------------------------------------------------------------------
Starting RTL Elaboration : Time (s): cpu = 00:00:01 ; elapsed = 00:00:04 . Memory (MB): peak = 292.000 ; gain = 81.875
---------------------------------------------------------------------------------
INFO: [Synth 8-638] synthesizing module 'pwm_design_pwm_core_0_1' [d:/VivadoProjects/custom_pwm_ip/custom_pwm_ip.srcs/sources_1/bd/pwm_design/ip/pwm_design_pwm_core_0_1/synth/pwm_design_pwm_core_0_1.v:57]
INFO: [Synth 8-638] synthesizing module 'pwm_core_v1_0' [d:/VivadoProjects/custom_pwm_ip/custom_pwm_ip.srcs/sources_1/bd/pwm_design/ipshared/37a7/hdl/pwm_core_v1_0.v:4]
	Parameter C_S00_AXI_DATA_WIDTH bound to: 32 - type: integer 
	Parameter C_S00_AXI_ADDR_WIDTH bound to: 4 - type: integer 
INFO: [Synth 8-638] synthesizing module 'pwm_core_v1_0_S00_AXI' [d:/VivadoProjects/custom_pwm_ip/custom_pwm_ip.srcs/sources_1/bd/pwm_design/ipshared/37a7/hdl/pwm_core_v1_0_S00_AXI.v:4]
	Parameter C_S_AXI_DATA_WIDTH bound to: 32 - type: integer 
	Parameter C_S_AXI_ADDR_WIDTH bound to: 4 - type: integer 
	Parameter ADDR_LSB bound to: 2 - type: integer 
	Parameter OPT_MEM_ADDR_BITS bound to: 1 - type: integer 
INFO: [Synth 8-226] default block is never used [d:/VivadoProjects/custom_pwm_ip/custom_pwm_ip.srcs/sources_1/bd/pwm_design/ipshared/37a7/hdl/pwm_core_v1_0_S00_AXI.v:224]
INFO: [Synth 8-226] default block is never used [d:/VivadoProjects/custom_pwm_ip/custom_pwm_ip.srcs/sources_1/bd/pwm_design/ipshared/37a7/hdl/pwm_core_v1_0_S00_AXI.v:365]
INFO: [Synth 8-155] case statement is not full and has no default [d:/VivadoProjects/custom_pwm_ip/custom_pwm_ip.srcs/sources_1/bd/pwm_design/ipshared/37a7/hdl/pwm_core_v1_0_S00_AXI.v:409]
INFO: [Synth 8-256] done synthesizing module 'pwm_core_v1_0_S00_AXI' (1#1) [d:/VivadoProjects/custom_pwm_ip/custom_pwm_ip.srcs/sources_1/bd/pwm_design/ipshared/37a7/hdl/pwm_core_v1_0_S00_AXI.v:4]
INFO: [Synth 8-256] done synthesizing module 'pwm_core_v1_0' (2#1) [d:/VivadoProjects/custom_pwm_ip/custom_pwm_ip.srcs/sources_1/bd/pwm_design/ipshared/37a7/hdl/pwm_core_v1_0.v:4]
INFO: [Synth 8-256] done synthesizing module 'pwm_design_pwm_core_0_1' (3#1) [d:/VivadoProjects/custom_pwm_ip/custom_pwm_ip.srcs/sources_1/bd/pwm_design/ip/pwm_design_pwm_core_0_1/synth/pwm_design_pwm_core_0_1.v:57]
WARNING: [Synth 8-3331] design pwm_core_v1_0_S00_AXI has unconnected port S_AXI_AWPROT[2]
WARNING: [Synth 8-3331] design pwm_core_v1_0_S00_AXI has unconnected port S_AXI_AWPROT[1]
WARNING: [Synth 8-3331] design pwm_core_v1_0_S00_AXI has unconnected port S_AXI_AWPROT[0]
WARNING: [Synth 8-3331] design pwm_core_v1_0_S00_AXI has unconnected port S_AXI_ARPROT[2]
WARNING: [Synth 8-3331] design pwm_core_v1_0_S00_AXI has unconnected port S_AXI_ARPROT[1]
WARNING: [Synth 8-3331] design pwm_core_v1_0_S00_AXI has unconnected port S_AXI_ARPROT[0]
---------------------------------------------------------------------------------
Finished RTL Elaboration : Time (s): cpu = 00:00:01 ; elapsed = 00:00:04 . Memory (MB): peak = 328.594 ; gain = 118.469
---------------------------------------------------------------------------------

Report Check Netlist: 
+------+------------------+-------+---------+-------+------------------+
|      |Item              |Errors |Warnings |Status |Description       |
+------+------------------+-------+---------+-------+------------------+
|1     |multi_driven_nets |      0|        0|Passed |Multi driven nets |
+------+------------------+-------+---------+-------+------------------+
---------------------------------------------------------------------------------
Finished RTL Optimization Phase 1 : Time (s): cpu = 00:00:01 ; elapsed = 00:00:04 . Memory (MB): peak = 328.594 ; gain = 118.469
---------------------------------------------------------------------------------
INFO: [Device 21-403] Loading part xc7z020clg484-1
INFO: [Project 1-570] Preparing netlist for logic optimization

Processing XDC Constraints
Initializing timing engine
Completed Processing XDC Constraints

INFO: [Project 1-111] Unisim Transformation Summary:
No Unisim elements were transformed.

Constraint Validation Runtime : Time (s): cpu = 00:00:00 ; elapsed = 00:00:00.016 . Memory (MB): peak = 639.816 ; gain = 1.066
---------------------------------------------------------------------------------
Finished Constraint Validation : Time (s): cpu = 00:00:02 ; elapsed = 00:00:09 . Memory (MB): peak = 639.816 ; gain = 429.691
---------------------------------------------------------------------------------
---------------------------------------------------------------------------------
Start Loading Part and Timing Information
---------------------------------------------------------------------------------
Loading part: xc7z020clg484-1
---------------------------------------------------------------------------------
Finished Loading Part and Timing Information : Time (s): cpu = 00:00:02 ; elapsed = 00:00:09 . Memory (MB): peak = 639.816 ; gain = 429.691
---------------------------------------------------------------------------------
---------------------------------------------------------------------------------
Start Applying 'set_property' XDC Constraints
---------------------------------------------------------------------------------
---------------------------------------------------------------------------------
Finished applying 'set_property' XDC Constraints : Time (s): cpu = 00:00:02 ; elapsed = 00:00:09 . Memory (MB): peak = 639.816 ; gain = 429.691
---------------------------------------------------------------------------------
---------------------------------------------------------------------------------
Finished RTL Optimization Phase 2 : Time (s): cpu = 00:00:02 ; elapsed = 00:00:09 . Memory (MB): peak = 639.816 ; gain = 429.691
---------------------------------------------------------------------------------

Report RTL Partitions: 
+-+--------------+------------+----------+
| |RTL Partition |Replication |Instances |
+-+--------------+------------+----------+
+-+--------------+------------+----------+
---------------------------------------------------------------------------------
Start RTL Component Statistics 
---------------------------------------------------------------------------------
Detailed RTL Component Info : 
+---Registers : 
	               32 Bit    Registers := 7     
	                4 Bit    Registers := 2     
	                2 Bit    Registers := 2     
	                1 Bit    Registers := 6     
+---Muxes : 
	   2 Input     32 Bit        Muxes := 4     
	   4 Input     32 Bit        Muxes := 5     
	   2 Input      1 Bit        Muxes := 9     
---------------------------------------------------------------------------------
Finished RTL Component Statistics 
---------------------------------------------------------------------------------
---------------------------------------------------------------------------------
Start RTL Hierarchical Component Statistics 
---------------------------------------------------------------------------------
Hierarchical RTL Component report 
Module pwm_core_v1_0_S00_AXI 
Detailed RTL Component Info : 
+---Registers : 
	               32 Bit    Registers := 7     
	                4 Bit    Registers := 2     
	                2 Bit    Registers := 2     
	                1 Bit    Registers := 6     
+---Muxes : 
	   2 Input     32 Bit        Muxes := 4     
	   4 Input     32 Bit        Muxes := 5     
	   2 Input      1 Bit        Muxes := 9     
---------------------------------------------------------------------------------
Finished RTL Hierarchical Component Statistics
---------------------------------------------------------------------------------
---------------------------------------------------------------------------------
Start Part Resource Summary
---------------------------------------------------------------------------------
Part Resources:
DSPs: 220 (col length:60)
BRAMs: 280 (col length: RAMB18 60 RAMB36 30)
---------------------------------------------------------------------------------
Finished Part Resource Summary
---------------------------------------------------------------------------------
---------------------------------------------------------------------------------
Start Cross Boundary and Area Optimization
---------------------------------------------------------------------------------
WARNING: [Synth 8-3331] design pwm_design_pwm_core_0_1 has unconnected port s00_axi_awprot[2]
WARNING: [Synth 8-3331] design pwm_design_pwm_core_0_1 has unconnected port s00_axi_awprot[1]
WARNING: [Synth 8-3331] design pwm_design_pwm_core_0_1 has unconnected port s00_axi_awprot[0]
WARNING: [Synth 8-3331] design pwm_design_pwm_core_0_1 has unconnected port s00_axi_arprot[2]
WARNING: [Synth 8-3331] design pwm_design_pwm_core_0_1 has unconnected port s00_axi_arprot[1]
WARNING: [Synth 8-3331] design pwm_design_pwm_core_0_1 has unconnected port s00_axi_arprot[0]
INFO: [Synth 8-3886] merging instance 'inst/pwm_core_v1_0_S00_AXI_inst/axi_rresp_reg[0]' (FDRE) to 'inst/pwm_core_v1_0_S00_AXI_inst/axi_rresp_reg[1]'
INFO: [Synth 8-3333] propagating constant 0 across sequential element (\inst/pwm_core_v1_0_S00_AXI_inst/axi_rresp_reg[1] )
INFO: [Synth 8-3886] merging instance 'inst/pwm_core_v1_0_S00_AXI_inst/axi_bresp_reg[0]' (FDRE) to 'inst/pwm_core_v1_0_S00_AXI_inst/axi_bresp_reg[1]'
INFO: [Synth 8-3333] propagating constant 0 across sequential element (\inst/pwm_core_v1_0_S00_AXI_inst/axi_bresp_reg[1] )
INFO: [Synth 8-3332] Sequential element (inst/pwm_core_v1_0_S00_AXI_inst/axi_bresp_reg[1]) is unused and will be removed from module pwm_design_pwm_core_0_1.
INFO: [Synth 8-3332] Sequential element (inst/pwm_core_v1_0_S00_AXI_inst/axi_araddr_reg[1]) is unused and will be removed from module pwm_design_pwm_core_0_1.
INFO: [Synth 8-3332] Sequential element (inst/pwm_core_v1_0_S00_AXI_inst/axi_araddr_reg[0]) is unused and will be removed from module pwm_design_pwm_core_0_1.
INFO: [Synth 8-3332] Sequential element (inst/pwm_core_v1_0_S00_AXI_inst/axi_awaddr_reg[1]) is unused and will be removed from module pwm_design_pwm_core_0_1.
INFO: [Synth 8-3332] Sequential element (inst/pwm_core_v1_0_S00_AXI_inst/axi_awaddr_reg[0]) is unused and will be removed from module pwm_design_pwm_core_0_1.
INFO: [Synth 8-3332] Sequential element (inst/pwm_core_v1_0_S00_AXI_inst/axi_rresp_reg[1]) is unused and will be removed from module pwm_design_pwm_core_0_1.
---------------------------------------------------------------------------------
Finished Cross Boundary and Area Optimization : Time (s): cpu = 00:00:02 ; elapsed = 00:00:10 . Memory (MB): peak = 639.816 ; gain = 429.691
---------------------------------------------------------------------------------

Report RTL Partitions: 
+-+--------------+------------+----------+
| |RTL Partition |Replication |Instances |
+-+--------------+------------+----------+
+-+--------------+------------+----------+
---------------------------------------------------------------------------------
Start Timing Optimization
---------------------------------------------------------------------------------
---------------------------------------------------------------------------------
Start Applying XDC Timing Constraints
---------------------------------------------------------------------------------
---------------------------------------------------------------------------------
Finished Applying XDC Timing Constraints : Time (s): cpu = 00:00:03 ; elapsed = 00:00:15 . Memory (MB): peak = 639.816 ; gain = 429.691
---------------------------------------------------------------------------------
---------------------------------------------------------------------------------
Finished Timing Optimization : Time (s): cpu = 00:00:03 ; elapsed = 00:00:15 . Memory (MB): peak = 639.816 ; gain = 429.691
---------------------------------------------------------------------------------

Report RTL Partitions: 
+-+--------------+------------+----------+
| |RTL Partition |Replication |Instances |
+-+--------------+------------+----------+
+-+--------------+------------+----------+
---------------------------------------------------------------------------------
Start Technology Mapping
---------------------------------------------------------------------------------
---------------------------------------------------------------------------------
Finished Technology Mapping : Time (s): cpu = 00:00:03 ; elapsed = 00:00:15 . Memory (MB): peak = 639.816 ; gain = 429.691
---------------------------------------------------------------------------------

Report RTL Partitions: 
+-+--------------+------------+----------+
| |RTL Partition |Replication |Instances |
+-+--------------+------------+----------+
+-+--------------+------------+----------+
---------------------------------------------------------------------------------
Start IO Insertion
---------------------------------------------------------------------------------
---------------------------------------------------------------------------------
Start Flattening Before IO Insertion
---------------------------------------------------------------------------------
---------------------------------------------------------------------------------
Finished Flattening Before IO Insertion
---------------------------------------------------------------------------------
---------------------------------------------------------------------------------
Start Final Netlist Cleanup
---------------------------------------------------------------------------------
---------------------------------------------------------------------------------
Finished Final Netlist Cleanup
---------------------------------------------------------------------------------
---------------------------------------------------------------------------------
Finished IO Insertion : Time (s): cpu = 00:00:03 ; elapsed = 00:00:16 . Memory (MB): peak = 639.816 ; gain = 429.691
---------------------------------------------------------------------------------

Report Check Netlist: 
+------+------------------+-------+---------+-------+------------------+
|      |Item              |Errors |Warnings |Status |Description       |
+------+------------------+-------+---------+-------+------------------+
|1     |multi_driven_nets |      0|        0|Passed |Multi driven nets |
+------+------------------+-------+---------+-------+------------------+
---------------------------------------------------------------------------------
Start Renaming Generated Instances
---------------------------------------------------------------------------------
---------------------------------------------------------------------------------
Finished Renaming Generated Instances : Time (s): cpu = 00:00:03 ; elapsed = 00:00:16 . Memory (MB): peak = 639.816 ; gain = 429.691
---------------------------------------------------------------------------------

Report RTL Partitions: 
+-+--------------+------------+----------+
| |RTL Partition |Replication |Instances |
+-+--------------+------------+----------+
+-+--------------+------------+----------+
---------------------------------------------------------------------------------
Start Rebuilding User Hierarchy
---------------------------------------------------------------------------------
---------------------------------------------------------------------------------
Finished Rebuilding User Hierarchy : Time (s): cpu = 00:00:03 ; elapsed = 00:00:16 . Memory (MB): peak = 639.816 ; gain = 429.691
---------------------------------------------------------------------------------
---------------------------------------------------------------------------------
Start Renaming Generated Ports
---------------------------------------------------------------------------------
---------------------------------------------------------------------------------
Finished Renaming Generated Ports : Time (s): cpu = 00:00:03 ; elapsed = 00:00:16 . Memory (MB): peak = 639.816 ; gain = 429.691
---------------------------------------------------------------------------------
---------------------------------------------------------------------------------
Start Handling Custom Attributes
---------------------------------------------------------------------------------
---------------------------------------------------------------------------------
Finished Handling Custom Attributes : Time (s): cpu = 00:00:03 ; elapsed = 00:00:16 . Memory (MB): peak = 639.816 ; gain = 429.691
---------------------------------------------------------------------------------
---------------------------------------------------------------------------------
Start Renaming Generated Nets
---------------------------------------------------------------------------------
---------------------------------------------------------------------------------
Finished Renaming Generated Nets : Time (s): cpu = 00:00:03 ; elapsed = 00:00:16 . Memory (MB): peak = 639.816 ; gain = 429.691
---------------------------------------------------------------------------------
---------------------------------------------------------------------------------
Start Writing Synthesis Report
---------------------------------------------------------------------------------

Report BlackBoxes: 
+-+--------------+----------+
| |BlackBox name |Instances |
+-+--------------+----------+
+-+--------------+----------+

Report Cell Usage: 
+------+-------+------+
|      |Cell   |Count |
+------+-------+------+
|1     |CARRY4 |    16|
|2     |LUT1   |    33|
|3     |LUT2   |     3|
|4     |LUT3   |     3|
|5     |LUT4   |    69|
|6     |LUT5   |     2|
|7     |LUT6   |    49|
|8     |FDRE   |   254|
|9     |FDSE   |    12|
+------+-------+------+

Report Instance Areas: 
+------+-------------------------------+----------------------+------+
|      |Instance                       |Module                |Cells |
+------+-------------------------------+----------------------+------+
|1     |top                            |                      |   441|
|2     |  inst                         |pwm_core_v1_0         |   441|
|3     |    pwm_core_v1_0_S00_AXI_inst |pwm_core_v1_0_S00_AXI |   441|
+------+-------------------------------+----------------------+------+
---------------------------------------------------------------------------------
Finished Writing Synthesis Report : Time (s): cpu = 00:00:03 ; elapsed = 00:00:16 . Memory (MB): peak = 639.816 ; gain = 429.691
---------------------------------------------------------------------------------
Synthesis finished with 0 errors, 0 critical warnings and 6 warnings.
Synthesis Optimization Runtime : Time (s): cpu = 00:00:01 ; elapsed = 00:00:10 . Memory (MB): peak = 639.816 ; gain = 113.227
Synthesis Optimization Complete : Time (s): cpu = 00:00:03 ; elapsed = 00:00:16 . Memory (MB): peak = 639.816 ; gain = 429.691
INFO: [Project 1-571] Translating synthesized netlist
INFO: [Netlist 29-17] Analyzing 16 Unisim elements for replacement
INFO: [Netlist 29-28] Unisim Transformation completed in 0 CPU seconds
INFO: [Project 1-570] Preparing netlist for logic optimization
INFO: [Opt 31-138] Pushed 0 inverter(s) to 0 load pin(s).
INFO: [Project 1-111] Unisim Transformation Summary:
No Unisim elements were transformed.

INFO: [Common 17-83] Releasing license: Synthesis
30 Infos, 12 Warnings, 0 Critical Warnings and 0 Errors encountered.
synth_design completed successfully
synth_design: Time (s): cpu = 00:00:02 ; elapsed = 00:00:14 . Memory (MB): peak = 639.816 ; gain = 424.449
INFO: [Common 17-1381] The checkpoint 'D:/VivadoProjects/custom_pwm_ip/custom_pwm_ip.runs/pwm_design_pwm_core_0_1_synth_1/pwm_design_pwm_core_0_1.dcp' has been generated.
