#-----------------------------------------------------------
# Vivado v2016.3 (64-bit)
# SW Build 1682563 on Mon Oct 10 19:07:27 MDT 2016
# IP Build 1681267 on Mon Oct 10 21:28:31 MDT 2016
# Start of session at: Mon Mar 24 22:44:47 2025
# Process ID: 14464
# Current directory: D:/VivadoProjects/ip_repo
# Command line: vivado.exe -gui_launcher_event rodinguilauncherevent22936 D:\VivadoProjects\ip_repo\edit_axi_pwm_v1_0.xpr
# Log file: D:/VivadoProjects/ip_repo/vivado.log
# Journal file: D:/VivadoProjects/ip_repo\vivado.jou
#-----------------------------------------------------------
start_gui
open_project D:/VivadoProjects/ip_repo/edit_axi_pwm_v1_0.xpr
Scanning sources...
Finished scanning sources
WARNING: [filemgmt 56-3] IP Output Repository Path: Could not find the directory 'D:/VivadoProjects/ip_repo/edit_axi_pwm_v1_0.cache/ip'.
INFO: [IP_Flow 19-234] Refreshing IP repositories
INFO: [IP_Flow 19-1700] Loaded user IP repository 'd:/VivadoProjects/ip_repo/axi_pwm_1.0'.
INFO: [IP_Flow 19-2313] Loaded Vivado IP repository 'C:/Xilinx/Vivado/2016.3/data/ip'.
exit
