
*** Running vivado
    with args -log pwm_design_auto_pc_0.vds -m64 -product Vivado -mode batch -messageDb vivado.pb -notrace -source pwm_design_auto_pc_0.tcl


****** Vivado v2016.3 (64-bit)
  **** SW Build 1682563 on Mon Oct 10 19:07:27 MDT 2016
  **** IP Build 1681267 on Mon Oct 10 21:28:31 MDT 2016
    ** Copyright 1986-2016 Xilinx, Inc. All Rights Reserved.

source pwm_design_auto_pc_0.tcl -notrace
Starting RTL Elaboration : Time (s): cpu = 00:00:01 ; elapsed = 00:00:09 . Memory (MB): peak = 299.320 ; gain = 89.176
INFO: [Synth 8-638] synthesizing module 'pwm_design_auto_pc_0' [d:/VivadoProjects/custom_pwm_ip/custom_pwm_ip.srcs/sources_1/bd/pwm_design/ip/pwm_design_auto_pc_0/synth/pwm_design_auto_pc_0.v:58]
INFO: [Synth 8-638] synthesizing module 'axi_protocol_converter_v2_1_10_axi_protocol_converter' [d:/VivadoProjects/custom_pwm_ip/custom_pwm_ip.srcs/sources_1/bd/pwm_design/ipshared/4a8b/hdl/axi_protocol_converter_v2_1_vl_rfs.v:4806]
INFO: [Synth 8-638] synthesizing module 'axi_protocol_converter_v2_1_10_b2s' [d:/VivadoProjects/custom_pwm_ip/custom_pwm_ip.srcs/sources_1/bd/pwm_design/ipshared/4a8b/hdl/axi_protocol_converter_v2_1_vl_rfs.v:4224]
INFO: [Synth 8-638] synthesizing module 'axi_protocol_converter_v2_1_10_b2s_aw_channel' [d:/VivadoProjects/custom_pwm_ip/custom_pwm_ip.srcs/sources_1/bd/pwm_design/ipshared/4a8b/hdl/axi_protocol_converter_v2_1_vl_rfs.v:3969]
INFO: [Synth 8-638] synthesizing module 'axi_protocol_converter_v2_1_10_b2s_cmd_translator' [d:/VivadoProjects/custom_pwm_ip/custom_pwm_ip.srcs/sources_1/bd/pwm_design/ipshared/4a8b/hdl/axi_protocol_converter_v2_1_vl_rfs.v:3467]
INFO: [Synth 8-638] synthesizing module 'axi_protocol_converter_v2_1_10_b2s_incr_cmd' [d:/VivadoProjects/custom_pwm_ip/custom_pwm_ip.srcs/sources_1/bd/pwm_design/ipshared/4a8b/hdl/axi_protocol_converter_v2_1_vl_rfs.v:3093]
INFO: [Synth 8-256] done synthesizing module 'axi_protocol_converter_v2_1_10_b2s_incr_cmd' (1#1) [d:/VivadoProjects/custom_pwm_ip/custom_pwm_ip.srcs/sources_1/bd/pwm_design/ipshared/4a8b/hdl/axi_protocol_converter_v2_1_vl_rfs.v:3093]
INFO: [Synth 8-638] synthesizing module 'axi_protocol_converter_v2_1_10_b2s_wrap_cmd' [d:/VivadoProjects/custom_pwm_ip/custom_pwm_ip.srcs/sources_1/bd/pwm_design/ipshared/4a8b/hdl/axi_protocol_converter_v2_1_vl_rfs.v:2903]
INFO: [Synth 8-256] done synthesizing module 'axi_protocol_converter_v2_1_10_b2s_wrap_cmd' (2#1) [d:/VivadoProjects/custom_pwm_ip/custom_pwm_ip.srcs/sources_1/bd/pwm_design/ipshared/4a8b/hdl/axi_protocol_converter_v2_1_vl_rfs.v:2903]
INFO: [Synth 8-256] done synthesizing module 'axi_protocol_converter_v2_1_10_b2s_cmd_translator' (3#1) [d:/VivadoProjects/custom_pwm_ip/custom_pwm_ip.srcs/sources_1/bd/pwm_design/ipshared/4a8b/hdl/axi_protocol_converter_v2_1_vl_rfs.v:3467]
INFO: [Synth 8-638] synthesizing module 'axi_protocol_converter_v2_1_10_b2s_wr_cmd_fsm' [d:/VivadoProjects/custom_pwm_ip/custom_pwm_ip.srcs/sources_1/bd/pwm_design/ipshared/4a8b/hdl/axi_protocol_converter_v2_1_vl_rfs.v:3225]
INFO: [Synth 8-256] done synthesizing module 'axi_protocol_converter_v2_1_10_b2s_wr_cmd_fsm' (4#1) [d:/VivadoProjects/custom_pwm_ip/custom_pwm_ip.srcs/sources_1/bd/pwm_design/ipshared/4a8b/hdl/axi_protocol_converter_v2_1_vl_rfs.v:3225]
INFO: [Synth 8-256] done synthesizing module 'axi_protocol_converter_v2_1_10_b2s_aw_channel' (5#1) [d:/VivadoProjects/custom_pwm_ip/custom_pwm_ip.srcs/sources_1/bd/pwm_design/ipshared/4a8b/hdl/axi_protocol_converter_v2_1_vl_rfs.v:3969]
INFO: [Synth 8-638] synthesizing module 'axi_protocol_converter_v2_1_10_b2s_b_channel' [d:/VivadoProjects/custom_pwm_ip/custom_pwm_ip.srcs/sources_1/bd/pwm_design/ipshared/4a8b/hdl/axi_protocol_converter_v2_1_vl_rfs.v:3609]
INFO: [Synth 8-638] synthesizing module 'axi_protocol_converter_v2_1_10_b2s_simple_fifo' [d:/VivadoProjects/custom_pwm_ip/custom_pwm_ip.srcs/sources_1/bd/pwm_design/ipshared/4a8b/hdl/axi_protocol_converter_v2_1_vl_rfs.v:2816]
INFO: [Synth 8-256] done synthesizing module 'axi_protocol_converter_v2_1_10_b2s_simple_fifo' (6#1) [d:/VivadoProjects/custom_pwm_ip/custom_pwm_ip.srcs/sources_1/bd/pwm_design/ipshared/4a8b/hdl/axi_protocol_converter_v2_1_vl_rfs.v:2816]
INFO: [Synth 8-638] synthesizing module 'axi_protocol_converter_v2_1_10_b2s_simple_fifo__parameterized0' [d:/VivadoProjects/custom_pwm_ip/custom_pwm_ip.srcs/sources_1/bd/pwm_design/ipshared/4a8b/hdl/axi_protocol_converter_v2_1_vl_rfs.v:2816]
INFO: [Synth 8-256] done synthesizing module 'axi_protocol_converter_v2_1_10_b2s_simple_fifo__parameterized0' (6#1) [d:/VivadoProjects/custom_pwm_ip/custom_pwm_ip.srcs/sources_1/bd/pwm_design/ipshared/4a8b/hdl/axi_protocol_converter_v2_1_vl_rfs.v:2816]
INFO: [Synth 8-256] done synthesizing module 'axi_protocol_converter_v2_1_10_b2s_b_channel' (7#1) [d:/VivadoProjects/custom_pwm_ip/custom_pwm_ip.srcs/sources_1/bd/pwm_design/ipshared/4a8b/hdl/axi_protocol_converter_v2_1_vl_rfs.v:3609]
INFO: [Synth 8-638] synthesizing module 'axi_protocol_converter_v2_1_10_b2s_ar_channel' [d:/VivadoProjects/custom_pwm_ip/custom_pwm_ip.srcs/sources_1/bd/pwm_design/ipshared/4a8b/hdl/axi_protocol_converter_v2_1_vl_rfs.v:4080]
INFO: [Synth 8-638] synthesizing module 'axi_protocol_converter_v2_1_10_b2s_rd_cmd_fsm' [d:/VivadoProjects/custom_pwm_ip/custom_pwm_ip.srcs/sources_1/bd/pwm_design/ipshared/4a8b/hdl/axi_protocol_converter_v2_1_vl_rfs.v:3336]
INFO: [Synth 8-256] done synthesizing module 'axi_protocol_converter_v2_1_10_b2s_rd_cmd_fsm' (8#1) [d:/VivadoProjects/custom_pwm_ip/custom_pwm_ip.srcs/sources_1/bd/pwm_design/ipshared/4a8b/hdl/axi_protocol_converter_v2_1_vl_rfs.v:3336]
INFO: [Synth 8-256] done synthesizing module 'axi_protocol_converter_v2_1_10_b2s_ar_channel' (9#1) [d:/VivadoProjects/custom_pwm_ip/custom_pwm_ip.srcs/sources_1/bd/pwm_design/ipshared/4a8b/hdl/axi_protocol_converter_v2_1_vl_rfs.v:4080]
INFO: [Synth 8-638] synthesizing module 'axi_protocol_converter_v2_1_10_b2s_r_channel' [d:/VivadoProjects/custom_pwm_ip/custom_pwm_ip.srcs/sources_1/bd/pwm_design/ipshared/4a8b/hdl/axi_protocol_converter_v2_1_vl_rfs.v:3809]
INFO: [Synth 8-638] synthesizing module 'axi_protocol_converter_v2_1_10_b2s_simple_fifo__parameterized1' [d:/VivadoProjects/custom_pwm_ip/custom_pwm_ip.srcs/sources_1/bd/pwm_design/ipshared/4a8b/hdl/axi_protocol_converter_v2_1_vl_rfs.v:2816]
INFO: [Synth 8-256] done synthesizing module 'axi_protocol_converter_v2_1_10_b2s_simple_fifo__parameterized1' (9#1) [d:/VivadoProjects/custom_pwm_ip/custom_pwm_ip.srcs/sources_1/bd/pwm_design/ipshared/4a8b/hdl/axi_protocol_converter_v2_1_vl_rfs.v:2816]
INFO: [Synth 8-638] synthesizing module 'axi_protocol_converter_v2_1_10_b2s_simple_fifo__parameterized2' [d:/VivadoProjects/custom_pwm_ip/custom_pwm_ip.srcs/sources_1/bd/pwm_design/ipshared/4a8b/hdl/axi_protocol_converter_v2_1_vl_rfs.v:2816]
INFO: [Synth 8-256] done synthesizing module 'axi_protocol_converter_v2_1_10_b2s_simple_fifo__parameterized2' (9#1) [d:/VivadoProjects/custom_pwm_ip/custom_pwm_ip.srcs/sources_1/bd/pwm_design/ipshared/4a8b/hdl/axi_protocol_converter_v2_1_vl_rfs.v:2816]
INFO: [Synth 8-256] done synthesizing module 'axi_protocol_converter_v2_1_10_b2s_r_channel' (10#1) [d:/VivadoProjects/custom_pwm_ip/custom_pwm_ip.srcs/sources_1/bd/pwm_design/ipshared/4a8b/hdl/axi_protocol_converter_v2_1_vl_rfs.v:3809]
INFO: [Synth 8-638] synthesizing module 'axi_register_slice_v2_1_10_axi_register_slice' [d:/VivadoProjects/custom_pwm_ip/custom_pwm_ip.srcs/sources_1/bd/pwm_design/ipshared/7efe/hdl/axi_register_slice_v2_1_vl_rfs.v:791]
INFO: [Synth 8-638] synthesizing module 'axi_infrastructure_v1_1_0_axi2vector' [d:/VivadoProjects/custom_pwm_ip/custom_pwm_ip.srcs/sources_1/bd/pwm_design/ipshared/7e3a/hdl/axi_infrastructure_v1_1_vl_rfs.v:60]
INFO: [Synth 8-256] done synthesizing module 'axi_infrastructure_v1_1_0_axi2vector' (11#1) [d:/VivadoProjects/custom_pwm_ip/custom_pwm_ip.srcs/sources_1/bd/pwm_design/ipshared/7e3a/hdl/axi_infrastructure_v1_1_vl_rfs.v:60]
INFO: [Synth 8-638] synthesizing module 'axi_register_slice_v2_1_10_axic_register_slice' [d:/VivadoProjects/custom_pwm_ip/custom_pwm_ip.srcs/sources_1/bd/pwm_design/ipshared/7efe/hdl/axi_register_slice_v2_1_vl_rfs.v:85]
INFO: [Synth 8-256] done synthesizing module 'axi_register_slice_v2_1_10_axic_register_slice' (12#1) [d:/VivadoProjects/custom_pwm_ip/custom_pwm_ip.srcs/sources_1/bd/pwm_design/ipshared/7efe/hdl/axi_register_slice_v2_1_vl_rfs.v:85]
INFO: [Synth 8-638] synthesizing module 'axi_register_slice_v2_1_10_axic_register_slice__parameterized0' [d:/VivadoProjects/custom_pwm_ip/custom_pwm_ip.srcs/sources_1/bd/pwm_design/ipshared/7efe/hdl/axi_register_slice_v2_1_vl_rfs.v:85]
INFO: [Synth 8-256] done synthesizing module 'axi_register_slice_v2_1_10_axic_register_slice__parameterized0' (12#1) [d:/VivadoProjects/custom_pwm_ip/custom_pwm_ip.srcs/sources_1/bd/pwm_design/ipshared/7efe/hdl/axi_register_slice_v2_1_vl_rfs.v:85]
INFO: [Synth 8-638] synthesizing module 'axi_register_slice_v2_1_10_axic_register_slice__parameterized1' [d:/VivadoProjects/custom_pwm_ip/custom_pwm_ip.srcs/sources_1/bd/pwm_design/ipshared/7efe/hdl/axi_register_slice_v2_1_vl_rfs.v:85]
INFO: [Synth 8-256] done synthesizing module 'axi_register_slice_v2_1_10_axic_register_slice__parameterized1' (12#1) [d:/VivadoProjects/custom_pwm_ip/custom_pwm_ip.srcs/sources_1/bd/pwm_design/ipshared/7efe/hdl/axi_register_slice_v2_1_vl_rfs.v:85]
INFO: [Synth 8-638] synthesizing module 'axi_register_slice_v2_1_10_axic_register_slice__parameterized2' [d:/VivadoProjects/custom_pwm_ip/custom_pwm_ip.srcs/sources_1/bd/pwm_design/ipshared/7efe/hdl/axi_register_slice_v2_1_vl_rfs.v:85]
INFO: [Synth 8-256] done synthesizing module 'axi_register_slice_v2_1_10_axic_register_slice__parameterized2' (12#1) [d:/VivadoProjects/custom_pwm_ip/custom_pwm_ip.srcs/sources_1/bd/pwm_design/ipshared/7efe/hdl/axi_register_slice_v2_1_vl_rfs.v:85]
INFO: [Synth 8-638] synthesizing module 'axi_infrastructure_v1_1_0_vector2axi' [d:/VivadoProjects/custom_pwm_ip/custom_pwm_ip.srcs/sources_1/bd/pwm_design/ipshared/7e3a/hdl/axi_infrastructure_v1_1_vl_rfs.v:474]
INFO: [Synth 8-256] done synthesizing module 'axi_infrastructure_v1_1_0_vector2axi' (13#1) [d:/VivadoProjects/custom_pwm_ip/custom_pwm_ip.srcs/sources_1/bd/pwm_design/ipshared/7e3a/hdl/axi_infrastructure_v1_1_vl_rfs.v:474]
INFO: [Synth 8-256] done synthesizing module 'axi_register_slice_v2_1_10_axi_register_slice' (14#1) [d:/VivadoProjects/custom_pwm_ip/custom_pwm_ip.srcs/sources_1/bd/pwm_design/ipshared/7efe/hdl/axi_register_slice_v2_1_vl_rfs.v:791]
INFO: [Synth 8-638] synthesizing module 'axi_register_slice_v2_1_10_axi_register_slice__parameterized0' [d:/VivadoProjects/custom_pwm_ip/custom_pwm_ip.srcs/sources_1/bd/pwm_design/ipshared/7efe/hdl/axi_register_slice_v2_1_vl_rfs.v:791]
INFO: [Synth 8-638] synthesizing module 'axi_infrastructure_v1_1_0_axi2vector__parameterized0' [d:/VivadoProjects/custom_pwm_ip/custom_pwm_ip.srcs/sources_1/bd/pwm_design/ipshared/7e3a/hdl/axi_infrastructure_v1_1_vl_rfs.v:60]
INFO: [Synth 8-256] done synthesizing module 'axi_infrastructure_v1_1_0_axi2vector__parameterized0' (14#1) [d:/VivadoProjects/custom_pwm_ip/custom_pwm_ip.srcs/sources_1/bd/pwm_design/ipshared/7e3a/hdl/axi_infrastructure_v1_1_vl_rfs.v:60]
INFO: [Synth 8-638] synthesizing module 'axi_register_slice_v2_1_10_axic_register_slice__parameterized3' [d:/VivadoProjects/custom_pwm_ip/custom_pwm_ip.srcs/sources_1/bd/pwm_design/ipshared/7efe/hdl/axi_register_slice_v2_1_vl_rfs.v:85]
INFO: [Synth 8-256] done synthesizing module 'axi_register_slice_v2_1_10_axic_register_slice__parameterized3' (14#1) [d:/VivadoProjects/custom_pwm_ip/custom_pwm_ip.srcs/sources_1/bd/pwm_design/ipshared/7efe/hdl/axi_register_slice_v2_1_vl_rfs.v:85]
INFO: [Synth 8-638] synthesizing module 'axi_register_slice_v2_1_10_axic_register_slice__parameterized4' [d:/VivadoProjects/custom_pwm_ip/custom_pwm_ip.srcs/sources_1/bd/pwm_design/ipshared/7efe/hdl/axi_register_slice_v2_1_vl_rfs.v:85]
INFO: [Synth 8-256] done synthesizing module 'axi_register_slice_v2_1_10_axic_register_slice__parameterized4' (14#1) [d:/VivadoProjects/custom_pwm_ip/custom_pwm_ip.srcs/sources_1/bd/pwm_design/ipshared/7efe/hdl/axi_register_slice_v2_1_vl_rfs.v:85]
INFO: [Synth 8-638] synthesizing module 'axi_register_slice_v2_1_10_axic_register_slice__parameterized5' [d:/VivadoProjects/custom_pwm_ip/custom_pwm_ip.srcs/sources_1/bd/pwm_design/ipshared/7efe/hdl/axi_register_slice_v2_1_vl_rfs.v:85]
INFO: [Synth 8-256] done synthesizing module 'axi_register_slice_v2_1_10_axic_register_slice__parameterized5' (14#1) [d:/VivadoProjects/custom_pwm_ip/custom_pwm_ip.srcs/sources_1/bd/pwm_design/ipshared/7efe/hdl/axi_register_slice_v2_1_vl_rfs.v:85]
INFO: [Synth 8-638] synthesizing module 'axi_register_slice_v2_1_10_axic_register_slice__parameterized6' [d:/VivadoProjects/custom_pwm_ip/custom_pwm_ip.srcs/sources_1/bd/pwm_design/ipshared/7efe/hdl/axi_register_slice_v2_1_vl_rfs.v:85]
INFO: [Synth 8-256] done synthesizing module 'axi_register_slice_v2_1_10_axic_register_slice__parameterized6' (14#1) [d:/VivadoProjects/custom_pwm_ip/custom_pwm_ip.srcs/sources_1/bd/pwm_design/ipshared/7efe/hdl/axi_register_slice_v2_1_vl_rfs.v:85]
INFO: [Synth 8-638] synthesizing module 'axi_register_slice_v2_1_10_axic_register_slice__parameterized7' [d:/VivadoProjects/custom_pwm_ip/custom_pwm_ip.srcs/sources_1/bd/pwm_design/ipshared/7efe/hdl/axi_register_slice_v2_1_vl_rfs.v:85]
INFO: [Synth 8-256] done synthesizing module 'axi_register_slice_v2_1_10_axic_register_slice__parameterized7' (14#1) [d:/VivadoProjects/custom_pwm_ip/custom_pwm_ip.srcs/sources_1/bd/pwm_design/ipshared/7efe/hdl/axi_register_slice_v2_1_vl_rfs.v:85]
INFO: [Synth 8-638] synthesizing module 'axi_infrastructure_v1_1_0_vector2axi__parameterized0' [d:/VivadoProjects/custom_pwm_ip/custom_pwm_ip.srcs/sources_1/bd/pwm_design/ipshared/7e3a/hdl/axi_infrastructure_v1_1_vl_rfs.v:474]
INFO: [Synth 8-256] done synthesizing module 'axi_infrastructure_v1_1_0_vector2axi__parameterized0' (14#1) [d:/VivadoProjects/custom_pwm_ip/custom_pwm_ip.srcs/sources_1/bd/pwm_design/ipshared/7e3a/hdl/axi_infrastructure_v1_1_vl_rfs.v:474]
INFO: [Synth 8-256] done synthesizing module 'axi_register_slice_v2_1_10_axi_register_slice__parameterized0' (14#1) [d:/VivadoProjects/custom_pwm_ip/custom_pwm_ip.srcs/sources_1/bd/pwm_design/ipshared/7efe/hdl/axi_register_slice_v2_1_vl_rfs.v:791]
INFO: [Synth 8-256] done synthesizing module 'axi_protocol_converter_v2_1_10_b2s' (15#1) [d:/VivadoProjects/custom_pwm_ip/custom_pwm_ip.srcs/sources_1/bd/pwm_design/ipshared/4a8b/hdl/axi_protocol_converter_v2_1_vl_rfs.v:4224]
INFO: [Synth 8-256] done synthesizing module 'axi_protocol_converter_v2_1_10_axi_protocol_converter' (16#1) [d:/VivadoProjects/custom_pwm_ip/custom_pwm_ip.srcs/sources_1/bd/pwm_design/ipshared/4a8b/hdl/axi_protocol_converter_v2_1_vl_rfs.v:4806]
INFO: [Synth 8-256] done synthesizing module 'pwm_design_auto_pc_0' (17#1) [d:/VivadoProjects/custom_pwm_ip/custom_pwm_ip.srcs/sources_1/bd/pwm_design/ip/pwm_design_auto_pc_0/synth/pwm_design_auto_pc_0.v:58]
Finished RTL Elaboration : Time (s): cpu = 00:00:20 ; elapsed = 00:00:42 . Memory (MB): peak = 415.582 ; gain = 205.438
Finished RTL Optimization Phase 1 : Time (s): cpu = 00:00:20 ; elapsed = 00:00:42 . Memory (MB): peak = 415.582 ; gain = 205.438
INFO: [Device 21-403] Loading part xc7z020clg484-1
Constraint Validation Runtime : Time (s): cpu = 00:00:00 ; elapsed = 00:00:00.174 . Memory (MB): peak = 665.773 ; gain = 0.137
Finished Constraint Validation : Time (s): cpu = 00:00:23 ; elapsed = 00:00:51 . Memory (MB): peak = 665.773 ; gain = 455.629
Finished Loading Part and Timing Information : Time (s): cpu = 00:00:23 ; elapsed = 00:00:51 . Memory (MB): peak = 665.773 ; gain = 455.629
Finished applying 'set_property' XDC Constraints : Time (s): cpu = 00:00:23 ; elapsed = 00:00:51 . Memory (MB): peak = 665.773 ; gain = 455.629
Finished RTL Optimization Phase 2 : Time (s): cpu = 00:00:23 ; elapsed = 00:00:51 . Memory (MB): peak = 665.773 ; gain = 455.629
Finished Cross Boundary and Area Optimization : Time (s): cpu = 00:00:24 ; elapsed = 00:00:52 . Memory (MB): peak = 665.773 ; gain = 455.629
Finished Applying XDC Timing Constraints : Time (s): cpu = 00:00:28 ; elapsed = 00:01:00 . Memory (MB): peak = 665.773 ; gain = 455.629
Finished Timing Optimization : Time (s): cpu = 00:00:28 ; elapsed = 00:01:01 . Memory (MB): peak = 667.457 ; gain = 457.313
Finished Technology Mapping : Time (s): cpu = 00:00:28 ; elapsed = 00:01:02 . Memory (MB): peak = 673.344 ; gain = 463.199
Finished IO Insertion : Time (s): cpu = 00:00:28 ; elapsed = 00:01:02 . Memory (MB): peak = 673.344 ; gain = 463.199
Finished Renaming Generated Instances : Time (s): cpu = 00:00:28 ; elapsed = 00:01:02 . Memory (MB): peak = 673.344 ; gain = 463.199
Finished Rebuilding User Hierarchy : Time (s): cpu = 00:00:28 ; elapsed = 00:01:02 . Memory (MB): peak = 673.344 ; gain = 463.199
Finished Renaming Generated Ports : Time (s): cpu = 00:00:28 ; elapsed = 00:01:02 . Memory (MB): peak = 673.344 ; gain = 463.199
Finished Handling Custom Attributes : Time (s): cpu = 00:00:28 ; elapsed = 00:01:02 . Memory (MB): peak = 673.344 ; gain = 463.199
Finished Renaming Generated Nets : Time (s): cpu = 00:00:28 ; elapsed = 00:01:02 . Memory (MB): peak = 673.344 ; gain = 463.199

Report Cell Usage: 
+------+--------+------+
|      |Cell    |Count |
+------+--------+------+
|1     |CARRY4  |    18|
|2     |LUT1    |    37|
|3     |LUT2    |    17|
|4     |LUT3    |   234|
|5     |LUT4    |    40|
|6     |LUT5    |    72|
|7     |LUT6    |   107|
|8     |SRL16E  |    22|
|9     |SRLC32E |    47|
|10    |FDRE    |   548|
|11    |FDSE    |    52|
+------+--------+------+
Finished Writing Synthesis Report : Time (s): cpu = 00:00:28 ; elapsed = 00:01:02 . Memory (MB): peak = 673.344 ; gain = 463.199
synth_design: Time (s): cpu = 00:00:28 ; elapsed = 00:01:01 . Memory (MB): peak = 681.758 ; gain = 466.348
